<?xml version="1.0" encoding="utf-8"?><testsuites name="pytest tests"><testsuite name="pytest" errors="0" failures="0" skipped="1" tests="26" time="64.850" timestamp="2026-03-31T11:53:04.148175-04:00" hostname="DOWLINGLAB-8"><testcase classname="UnifiedFramework.DATA3.tests.regression.test_data1_data2_nightly" name="test_data1_data2_reproduction_nightly" time="0.004"><skipped type="pytest.skip" message="Reference paper values are not populated yet.">/Users/kkasturi/GitHub/keshav-dev-dynamic-diafiltration-pyomo/UnifiedFramework/DATA3/tests/regression/test_data1_data2_nightly.py:34: Reference paper values are not populated yet.</skipped></testcase><testcase classname="UnifiedFramework.DATA3.tests.regression.test_nightly_validation_assets" name="test_nightly_status_gate_matches_allowlist" time="0.000" /><testcase classname="UnifiedFramework.DATA3.tests.regression.test_nightly_validation_assets" name="test_nightly_figure_targets_have_paper_pages_and_artifacts[D1-M-F2]" time="0.015" /><testcase classname="UnifiedFramework.DATA3.tests.regression.test_nightly_validation_assets" name="test_nightly_figure_targets_have_paper_pages_and_artifacts[D1-M-F3]" time="0.001" /><testcase classname="UnifiedFramework.DATA3.tests.regression.test_nightly_validation_assets" name="test_nightly_figure_targets_have_paper_pages_and_artifacts[D1-M-F4]" time="0.004" /><testcase classname="UnifiedFramework.DATA3.tests.regression.test_nightly_validation_assets" name="test_nightly_figure_targets_have_paper_pages_and_artifacts[D1-M-F5]" time="0.004" /><testcase classname="UnifiedFramework.DATA3.tests.regression.test_nightly_validation_assets" name="test_nightly_figure_targets_have_paper_pages_and_artifacts[D1-M-F6]" time="0.007" /><testcase classname="UnifiedFramework.DATA3.tests.regression.test_nightly_validation_assets" name="test_nightly_figure_targets_have_paper_pages_and_artifacts[D1-S-FS2]" time="0.003" /><testcase classname="UnifiedFramework.DATA3.tests.regression.test_nightly_validation_assets" name="test_nightly_figure_targets_have_paper_pages_and_artifacts[D1-S-FS3]" time="0.005" /><testcase classname="UnifiedFramework.DATA3.tests.regression.test_nightly_validation_assets" name="test_nightly_figure_targets_have_paper_pages_and_artifacts[D1-S-FS4]" time="0.004" /><testcase classname="UnifiedFramework.DATA3.tests.regression.test_nightly_validation_assets" name="test_nightly_figure_targets_have_paper_pages_and_artifacts[D1-S-FS5]" time="0.004" /><testcase classname="UnifiedFramework.DATA3.tests.regression.test_nightly_validation_assets" name="test_nightly_figure_targets_have_paper_pages_and_artifacts[D1-S-FS6]" time="0.004" /><testcase classname="UnifiedFramework.DATA3.tests.regression.test_nightly_validation_assets" name="test_nightly_figure_targets_have_paper_pages_and_artifacts[D1-S-FS7]" time="0.010" /><testcase classname="UnifiedFramework.DATA3.tests.regression.test_nightly_validation_assets" name="test_nightly_figure_targets_have_paper_pages_and_artifacts[D2-M-F6]" time="0.012" /><testcase classname="UnifiedFramework.DATA3.tests.regression.test_nightly_validation_assets" name="test_nightly_figure_targets_have_paper_pages_and_artifacts[D2-M-F7]" time="0.004" /><testcase classname="UnifiedFramework.DATA3.tests.regression.test_nightly_validation_assets" name="test_nightly_figure_targets_have_paper_pages_and_artifacts[D2-M-F8]" time="0.001" /><testcase classname="UnifiedFramework.DATA3.tests.regression.test_nightly_validation_assets" name="test_nightly_figure_targets_have_paper_pages_and_artifacts[D2-M-F9]" time="0.004" /><testcase classname="UnifiedFramework.DATA3.tests.regression.test_nightly_validation_assets" name="test_nightly_figure_targets_have_paper_pages_and_artifacts[D2-S-FS1]" time="0.091" /><testcase classname="UnifiedFramework.DATA3.tests.regression.test_nightly_validation_assets" name="test_nightly_figure_targets_have_paper_pages_and_artifacts[D2-S-FS2]" time="0.007" /><testcase classname="UnifiedFramework.DATA3.tests.regression.test_nightly_validation_assets" name="test_nightly_figure_targets_have_paper_pages_and_artifacts[D2-S-FS3]" time="0.004" /><testcase classname="UnifiedFramework.DATA3.tests.regression.test_nightly_validation_assets" name="test_nightly_figure_targets_have_paper_pages_and_artifacts[D2-S-FS4]" time="0.004" /><testcase classname="UnifiedFramework.DATA3.tests.regression.test_nightly_validation_assets" name="test_nightly_figure_targets_have_paper_pages_and_artifacts[D2-S-FS5]" time="0.004" /><testcase classname="UnifiedFramework.DATA3.tests.regression.test_nightly_validation_assets" name="test_nightly_figure_targets_have_paper_pages_and_artifacts[D2-S-FS6]" time="0.004" /><testcase classname="UnifiedFramework.DATA3.tests.regression.test_nightly_validation_assets" name="test_nightly_figure_targets_have_paper_pages_and_artifacts[D2-S-FS7]" time="0.001" /><testcase classname="UnifiedFramework.DATA3.tests.regression.test_nightly_validation_assets" name="test_nightly_figure_targets_have_paper_pages_and_artifacts[D2-S-FS8]" time="0.001" /><testcase classname="UnifiedFramework.DATA3.tests.regression.test_simulation_validation_figures" name="test_simulation_validation_figures_match_paper_extracts" time="62.736" /></testsuite></testsuites>